[33mÔØ»[39m Building...
[32mÔ£ö[39m Building...
Application bundle generation failed. [3.777 seconds] - 2025-12-11T12:06:31.021Z

Ôû▓ [WARNING] NG8113: All imports are unused [plugin angular-compiler]

    src/app/components/Global-Components/navbar/navbar.component.ts:7:2:
      7 Ôöé   imports: [RouterLink],
        ÔòÁ   ~~~~~~~


Ôû▓ [WARNING] NG8113: AddButtonComponent is not used within the template of Matches [plugin angular-compiler]

    src/app/pages/Administrator/matches/matches.ts:18:4:
      18 Ôöé     AddButtonComponent
         ÔòÁ     ~~~~~~~~~~~~~~~~~~


Ôû▓ [WARNING] NG8113: AddButtonComponent is not used within the template of OrganizationsComponent [plugin angular-compiler]

    src/app/pages/Administrator/organizations/organizations.component.ts:19:4:
      19 Ôöé     AddButtonComponent,
         ÔòÁ     ~~~~~~~~~~~~~~~~~~


Ôû▓ [WARNING] NG8113: AddButtonComponent is not used within the template of VolunteersComponent [plugin angular-compiler]

    src/app/pages/Administrator/volunteers/volunteers.component.ts:21:4:
      21 Ôöé     AddButtonComponent,
         ÔòÁ     ~~~~~~~~~~~~~~~~~~


X [ERROR] TS2322: Type 'string | undefined' is not assignable to type 'string'.
  Type 'undefined' is not assignable to type 'string'. [plugin angular-compiler]

    src/app/pages/Administrator/volunteers/volunteers.component.html:32:89:
      32 Ôöé ...ity" [interests]="volunteer.interests" [status]="volunteer.status"
         ÔòÁ                                            ~~~~~~

  Error occurs in the template of component VolunteersComponent.

    src/app/pages/Administrator/volunteers/volunteers.component.ts:25:15:
      25 Ôöé   templateUrl: './volunteers.component.html',
         ÔòÁ                ~~~~~~~~~~~~~~~~~~~~~~~~~~~~~


