[33mÔØ»[39m Building...
[32mÔ£ö[39m Building...
Application bundle generation failed. [3.635 seconds] - 2025-12-11T12:58:03.930Z

Ôû▓ [WARNING] NG8113: All imports are unused [plugin angular-compiler]

    src/app/components/Global-Components/navbar/navbar.component.ts:7:2:
      7 Ôöé   imports: [RouterLink],
        ÔòÁ   ~~~~~~~


Ôû▓ [WARNING] NG8113: AddButtonComponent is not used within the template of Matches [plugin angular-compiler]

    src/app/pages/Administrator/matches/matches.ts:18:4:
      18 Ôöé     AddButtonComponent
         ÔòÁ     ~~~~~~~~~~~~~~~~~~


Ôû▓ [WARNING] NG8113: AddButtonComponent is not used within the template of OrganizationsComponent [plugin angular-compiler]

    src/app/pages/Administrator/organizations/organizations.component.ts:19:4:
      19 Ôöé     AddButtonComponent,
         ÔòÁ     ~~~~~~~~~~~~~~~~~~


Ôû▓ [WARNING] NG8113: NavbarComponent is not used within the template of VolunteersComponent [plugin angular-compiler]

    src/app/pages/Administrator/volunteers/volunteers.component.ts:18:4:
      18 Ôöé     NavbarComponent,
         ÔòÁ     ~~~~~~~~~~~~~~~


Ôû▓ [WARNING] NG8113: SidebarComponent is not used within the template of VolunteersComponent [plugin angular-compiler]

    src/app/pages/Administrator/volunteers/volunteers.component.ts:19:4:
      19 Ôöé     SidebarComponent,
         ÔòÁ     ~~~~~~~~~~~~~~~~


Ôû▓ [WARNING] NG8113: StatusToggleComponent is not used within the template of VolunteersComponent [plugin angular-compiler]

    src/app/pages/Administrator/volunteers/volunteers.component.ts:20:4:
      20 Ôöé     StatusToggleComponent,
         ÔòÁ     ~~~~~~~~~~~~~~~~~~~~~


Ôû▓ [WARNING] NG8113: AddButtonComponent is not used within the template of VolunteersComponent [plugin angular-compiler]

    src/app/pages/Administrator/volunteers/volunteers.component.ts:21:4:
      21 Ôöé     AddButtonComponent,
         ÔòÁ     ~~~~~~~~~~~~~~~~~~


Ôû▓ [WARNING] NG8113: VolunteerCardComponent is not used within the template of VolunteersComponent [plugin angular-compiler]

    src/app/pages/Administrator/volunteers/volunteers.component.ts:22:4:
      22 Ôöé     VolunteerCardComponent,
         ÔòÁ     ~~~~~~~~~~~~~~~~~~~~~~


Ôû▓ [WARNING] NG8113: VolunteerFormComponent is not used within the template of VolunteersComponent [plugin angular-compiler]

    src/app/pages/Administrator/volunteers/volunteers.component.ts:23:4:
      23 Ôöé     VolunteerFormComponent
         ÔòÁ     ~~~~~~~~~~~~~~~~~~~~~~


X [ERROR] NG5002: Unexpected closing tag "div". It may happen when the tag has already been closed by another tag. For more info see https://www.w3.org/TR/html5/syntax.html#closing-elements-that-have-implied-end-tags [plugin angular-compiler]

    src/app/pages/Administrator/volunteers/volunteers.component.html:61:0:
      61 Ôöé </div>
         ÔòÁ ~~~~~~

  Error occurs in the template of component VolunteersComponent.

    src/app/pages/Administrator/volunteers/volunteers.component.ts:25:15:
      25 Ôöé   templateUrl: './volunteers.component.html',
         ÔòÁ                ~~~~~~~~~~~~~~~~~~~~~~~~~~~~~


