[notice] Migrating up to DoctrineMigrations\Version20251213185030
[error] Migration DoctrineMigrations\Version20251128022304 failed during Execution. Error: "An exception occurred while executing a query: SQLSTATE [42S01, 2714]: [Microsoft][ODBC Driver 17 for SQL Server][SQL Server]Ya hay un objeto con el nombre 'ACTIVIDADES' en la base de datos."
[critical] Error thrown while running command "doctrine:migrations:migrate --no-interaction". Message: "An exception occurred while executing a query: SQLSTATE [42S01, 2714]: [Microsoft][ODBC Driver 17 for SQL Server][SQL Server]Ya hay un objeto con el nombre 'ACTIVIDADES' en la base de datos."

In ExceptionConverter.php line 41:
                     
  An exception occu  
  rred while execut  
  ing a query: SQLS  
  TATE [42S01, 2714  
  ]: [Microsoft][OD  
  BC Driver 17 for   
  SQL Server][SQL S  
  erver]Ya hay un o  
  bjeto con el nomb  
  re 'ACTIVIDADES'   
  en la base de dat  
  os.                
                     

In Error.php line 38:
                     
  SQLSTATE [42S01,   
  2714]: [Microsoft  
  ][ODBC Driver 17   
  for SQL Server][S  
  QL Server]Ya hay   
  un objeto con el   
  nombre 'ACTIVIDAD  
  ES' en la base de  
   datos.            
                     

doctrine:migrations:migrate [--write-sql [WRITE-SQL]] [--dry-run] [--query-time] [--allow-no-migration] [--all-or-nothing [ALL-OR-NOTHING]] [--no-all-or-nothing] [--configuration CONFIGURATION] [--em EM] [--conn CONN] [--] [<version>]

